2020-09-13 14:22:24 [twisted] CRITICAL: Unhandled error in Deferred:
2020-09-13 14:22:24 [twisted] CRITICAL: 
Traceback (most recent call last):
  File "F:\untitled\venv\lib\site-packages\twisted\internet\defer.py", line 1418, in _inlineCallbacks
    result = g.send(result)
  File "F:\untitled\venv\lib\site-packages\scrapy\crawler.py", line 87, in crawl
    self.engine = self._create_engine()
  File "F:\untitled\venv\lib\site-packages\scrapy\crawler.py", line 101, in _create_engine
    return ExecutionEngine(self, lambda _: self.stop())
  File "F:\untitled\venv\lib\site-packages\scrapy\core\engine.py", line 70, in __init__
    self.scraper = Scraper(crawler)
  File "F:\untitled\venv\lib\site-packages\scrapy\core\scraper.py", line 71, in __init__
    self.itemproc = itemproc_cls.from_crawler(crawler)
  File "F:\untitled\venv\lib\site-packages\scrapy\middleware.py", line 53, in from_crawler
    return cls.from_settings(crawler.settings, crawler)
  File "F:\untitled\venv\lib\site-packages\scrapy\middleware.py", line 34, in from_settings
    mwcls = load_object(clspath)
  File "F:\untitled\venv\lib\site-packages\scrapy\utils\misc.py", line 51, in load_object
    mod = import_module(module)
  File "F:\python\anaconda\lib\importlib\__init__.py", line 126, in import_module
    return _bootstrap._gcd_import(name[level:], package, level)
  File "<frozen importlib._bootstrap>", line 994, in _gcd_import
  File "<frozen importlib._bootstrap>", line 971, in _find_and_load
  File "<frozen importlib._bootstrap>", line 955, in _find_and_load_unlocked
  File "<frozen importlib._bootstrap>", line 665, in _load_unlocked
  File "<frozen importlib._bootstrap_external>", line 674, in exec_module
  File "<frozen importlib._bootstrap_external>", line 781, in get_code
  File "<frozen importlib._bootstrap_external>", line 741, in source_to_code
  File "<frozen importlib._bootstrap>", line 219, in _call_with_frames_removed
  File "D:\django_files\internet worm\myscrapys\myscrapys\pipelines.py", line 27
    def process_item(self, item, spider):
      ^
IndentationError: expected an indented block
